2020-12-30T01:40:34.579349+0800 WARNING 当前需要等待：70s
2020-12-30T01:40:35.581950+0800 INFO 已经等待1s
2020-12-30T01:40:36.586172+0800 INFO 已经等待2s
2020-12-30T01:40:37.589424+0800 INFO 已经等待3s
2020-12-30T01:40:38.593561+0800 INFO 已经等待4s
2020-12-30T01:40:39.597017+0800 INFO 已经等待5s
2020-12-30T01:40:40.600758+0800 INFO 已经等待6s
2020-12-30T01:40:41.603860+0800 INFO 已经等待7s
2020-12-30T01:40:42.609193+0800 INFO 已经等待8s
2020-12-30T01:40:43.613999+0800 INFO 已经等待9s
2020-12-30T01:40:44.619384+0800 INFO 已经等待10s
2020-12-30T01:40:45.621352+0800 INFO 已经等待11s
2020-12-30T01:40:46.624768+0800 INFO 已经等待12s
2020-12-30T01:40:47.629136+0800 INFO 已经等待13s
2020-12-30T01:40:48.632749+0800 INFO 已经等待14s
2020-12-30T01:40:49.638129+0800 INFO 已经等待15s
2020-12-30T01:40:50.643605+0800 INFO 已经等待16s
2020-12-30T01:40:51.647711+0800 INFO 已经等待17s
2020-12-30T01:40:52.651229+0800 INFO 已经等待18s
2020-12-30T01:40:53.652310+0800 INFO 已经等待19s
2020-12-30T01:40:54.654686+0800 INFO 已经等待20s
2020-12-30T01:40:55.655763+0800 INFO 已经等待21s
2020-12-30T01:40:56.659912+0800 INFO 已经等待22s
2020-12-30T01:40:57.663820+0800 INFO 已经等待23s
2020-12-30T01:40:58.668920+0800 INFO 已经等待24s
2020-12-30T01:40:59.671560+0800 INFO 已经等待25s
2020-12-30T01:41:00.675871+0800 INFO 已经等待26s
2020-12-30T01:41:01.680756+0800 INFO 已经等待27s
2020-12-30T01:41:02.686211+0800 INFO 已经等待28s
2020-12-30T01:41:03.691319+0800 INFO 已经等待29s
2020-12-30T01:41:04.696931+0800 INFO 已经等待30s
2020-12-30T01:41:05.701200+0800 INFO 已经等待31s
2020-12-30T01:41:06.705194+0800 INFO 已经等待32s
2020-12-30T01:41:07.708225+0800 INFO 已经等待33s
2020-12-30T01:41:08.713403+0800 INFO 已经等待34s
2020-12-30T01:41:09.718886+0800 INFO 已经等待35s
2020-12-30T01:41:10.723395+0800 INFO 已经等待36s
2020-12-30T01:41:11.724958+0800 INFO 已经等待37s
2020-12-30T01:41:12.727404+0800 INFO 已经等待38s
2020-12-30T01:41:13.731286+0800 INFO 已经等待39s
2020-12-30T01:41:14.736368+0800 INFO 已经等待40s
2020-12-30T01:41:15.739365+0800 INFO 已经等待41s
2020-12-30T01:41:16.744221+0800 INFO 已经等待42s
2020-12-30T01:41:17.748635+0800 INFO 已经等待43s
2020-12-30T01:41:18.752557+0800 INFO 已经等待44s
2020-12-30T01:41:19.754897+0800 INFO 已经等待45s
2020-12-30T01:41:20.758933+0800 INFO 已经等待46s
2020-12-30T01:41:21.762084+0800 INFO 已经等待47s
2020-12-30T01:41:22.765746+0800 INFO 已经等待48s
2020-12-30T01:41:23.770623+0800 INFO 已经等待49s
2020-12-30T01:41:24.774590+0800 INFO 已经等待50s
2020-12-30T01:41:25.775755+0800 INFO 已经等待51s
2020-12-30T01:41:26.782058+0800 INFO 已经等待52s
2020-12-30T01:41:27.783352+0800 INFO 已经等待53s
2020-12-30T01:41:28.787583+0800 INFO 已经等待54s
2020-12-30T01:41:29.789358+0800 INFO 已经等待55s
2020-12-30T01:41:30.794769+0800 INFO 已经等待56s
2020-12-30T01:41:31.795475+0800 INFO 已经等待57s
2020-12-30T01:41:32.797503+0800 INFO 已经等待58s
2020-12-30T01:41:33.801928+0800 INFO 已经等待59s
2020-12-30T01:41:34.806450+0800 INFO 已经等待60s
2020-12-30T01:41:35.806852+0800 INFO 已经等待61s
2020-12-30T01:41:36.808907+0800 INFO 已经等待62s
2020-12-30T01:41:37.809522+0800 INFO 已经等待63s
2020-12-30T01:41:38.810430+0800 INFO 已经等待64s
2020-12-30T01:41:39.815532+0800 INFO 已经等待65s
2020-12-30T01:41:40.821052+0800 INFO 已经等待66s
2020-12-30T01:41:41.825278+0800 INFO 已经等待67s
2020-12-30T01:41:42.825712+0800 INFO 已经等待68s
2020-12-30T01:41:43.829852+0800 INFO 已经等待69s
2020-12-30T01:41:44.832591+0800 INFO 已经等待70s
2020-12-30T01:41:45.850155+0800 ERROR 59#压力变送器修改母管压力失败！
2020-12-30T01:41:45.850557+0800 WARNING 请求报文：{'mid': '1020070059', 'code': 'busPressureBar', 'value': '7'}
2020-12-30T01:41:45.850822+0800 WARNING 返回信息：{"ret": 0, "msg": "mid don't exist or error"}
2020-12-30T01:41:50.195064+0800 ERROR 59#压力变送器修改母管压力失败！
2020-12-30T01:41:50.196136+0800 WARNING 请求报文：{'mid': '1020070059', 'code': 'busPressureBar', 'value': '7.2'}
2020-12-30T01:41:50.196383+0800 WARNING 返回信息：{"ret": 0, "msg": "mid don't exist or error"}
2020-12-30T01:41:50.196562+0800 WARNING 当前需要等待：-65s
2020-12-30T01:41:51.198993+0800 INFO 已经等待1s
2020-12-30T01:41:52.204693+0800 INFO 已经等待2s
2020-12-30T01:41:53.209071+0800 INFO 已经等待3s
2020-12-30T01:41:54.212636+0800 INFO 已经等待4s
2020-12-30T01:41:55.215820+0800 INFO 已经等待5s
2020-12-30T01:41:56.220559+0800 INFO 已经等待6s
2020-12-30T01:41:57.224611+0800 INFO 已经等待7s
2020-12-30T01:41:58.225481+0800 INFO 已经等待8s
2020-12-30T01:41:59.230658+0800 INFO 已经等待9s
2020-12-30T01:42:00.231440+0800 INFO 已经等待10s
2020-12-30T01:42:01.235454+0800 INFO 已经等待11s
2020-12-30T01:42:02.236409+0800 INFO 已经等待12s
2020-12-30T01:42:03.238951+0800 INFO 已经等待13s
2020-12-30T01:42:04.240831+0800 INFO 已经等待14s
2020-12-30T01:42:05.241370+0800 INFO 已经等待15s
2020-12-30T01:42:06.243910+0800 INFO 已经等待16s
2020-12-30T01:42:07.244529+0800 INFO 已经等待17s
2020-12-30T01:42:08.245063+0800 INFO 已经等待18s
2020-12-30T01:42:09.248658+0800 INFO 已经等待19s
2020-12-30T01:42:10.253502+0800 INFO 已经等待20s
2020-12-30T01:42:11.258086+0800 INFO 已经等待21s
2020-12-30T01:42:12.258746+0800 INFO 已经等待22s
2020-12-30T01:42:13.264172+0800 INFO 已经等待23s
2020-12-30T01:42:14.268934+0800 INFO 已经等待24s
2020-12-30T01:42:15.271323+0800 INFO 已经等待25s
2020-12-30T01:42:16.272925+0800 INFO 已经等待26s
2020-12-30T01:42:17.273820+0800 INFO 已经等待27s
2020-12-30T01:42:18.278814+0800 INFO 已经等待28s
2020-12-30T01:42:19.284795+0800 INFO 已经等待29s
2020-12-30T01:42:20.286224+0800 INFO 已经等待30s
2020-12-30T01:42:21.287766+0800 INFO 已经等待31s
2020-12-30T01:42:22.290218+0800 INFO 已经等待32s
2020-12-30T01:42:23.295398+0800 INFO 已经等待33s
2020-12-30T01:42:24.301317+0800 INFO 已经等待34s
2020-12-30T01:42:25.302682+0800 INFO 已经等待35s
2020-12-30T01:42:26.304890+0800 INFO 已经等待36s
2020-12-30T01:42:27.309812+0800 INFO 已经等待37s
2020-12-30T01:42:28.314704+0800 INFO 已经等待38s
2020-12-30T01:42:29.318059+0800 INFO 已经等待39s
2020-12-30T01:42:30.321510+0800 INFO 已经等待40s
2020-12-30T01:42:31.325275+0800 INFO 已经等待41s
2020-12-30T01:42:32.329414+0800 INFO 已经等待42s
2020-12-30T01:42:33.333905+0800 INFO 已经等待43s
2020-12-30T01:42:34.339740+0800 INFO 已经等待44s
2020-12-30T01:42:35.341229+0800 INFO 已经等待45s
2020-12-30T01:42:36.346162+0800 INFO 已经等待46s
2020-12-30T01:42:37.349998+0800 INFO 已经等待47s
2020-12-30T01:42:38.352590+0800 INFO 已经等待48s
2020-12-30T01:42:39.358205+0800 INFO 已经等待49s
2020-12-30T01:42:40.363151+0800 INFO 已经等待50s
2020-12-30T01:42:41.367432+0800 INFO 已经等待51s
2020-12-30T01:42:42.372311+0800 INFO 已经等待52s
2020-12-30T01:42:43.375786+0800 INFO 已经等待53s
2020-12-30T01:42:44.376467+0800 INFO 已经等待54s
2020-12-30T01:42:45.377349+0800 INFO 已经等待55s
2020-12-30T01:42:46.379193+0800 INFO 已经等待56s
2020-12-30T01:42:47.384528+0800 INFO 已经等待57s
2020-12-30T01:42:48.389073+0800 INFO 已经等待58s
2020-12-30T01:42:49.394252+0800 INFO 已经等待59s
2020-12-30T01:42:50.396674+0800 INFO 已经等待60s
2020-12-30T01:42:51.399264+0800 INFO 已经等待61s
2020-12-30T01:42:52.404263+0800 INFO 已经等待62s
2020-12-30T01:42:53.407646+0800 INFO 已经等待63s
2020-12-30T01:42:54.408518+0800 INFO 已经等待64s
2020-12-30T01:42:55.410180+0800 INFO 已经等待65s
2020-12-30T01:42:56.413279+0800 INFO 已经等待66s
2020-12-30T01:42:57.416804+0800 INFO 已经等待67s
2020-12-30T01:42:58.422297+0800 INFO 已经等待68s
2020-12-30T01:42:59.424105+0800 INFO 已经等待69s
2020-12-30T01:43:00.429157+0800 INFO 已经等待70s
2020-12-30T01:43:01.431845+0800 INFO 已经等待71s
2020-12-30T01:43:02.436556+0800 INFO 已经等待72s
2020-12-30T01:43:03.439883+0800 INFO 已经等待73s
2020-12-30T01:43:04.444680+0800 INFO 已经等待74s
2020-12-30T01:43:05.449277+0800 INFO 已经等待75s
2020-12-30T01:43:06.454119+0800 INFO 已经等待76s
2020-12-30T01:43:07.459318+0800 INFO 已经等待77s
2020-12-30T01:43:08.462600+0800 INFO 已经等待78s
2020-12-30T01:43:09.466440+0800 INFO 已经等待79s
2020-12-30T01:43:10.470331+0800 INFO 已经等待80s
2020-12-30T01:43:11.474976+0800 INFO 已经等待81s
2020-12-30T01:43:12.479091+0800 INFO 已经等待82s
2020-12-30T01:43:13.484352+0800 INFO 已经等待83s
2020-12-30T01:43:14.486797+0800 INFO 已经等待84s
2020-12-30T01:43:15.490710+0800 INFO 已经等待85s
2020-12-30T01:43:16.495480+0800 INFO 已经等待86s
2020-12-30T01:43:17.497469+0800 INFO 已经等待87s
2020-12-30T01:43:18.501805+0800 INFO 已经等待88s
2020-12-30T01:43:19.507125+0800 INFO 已经等待89s
2020-12-30T01:43:20.509135+0800 INFO 已经等待90s
2020-12-30T01:43:21.510338+0800 INFO 已经等待91s
2020-12-30T01:43:22.512234+0800 INFO 已经等待92s
2020-12-30T01:43:23.517578+0800 INFO 已经等待93s
2020-12-30T01:43:24.529248+0800 INFO 已经等待94s
2020-12-30T01:43:25.534334+0800 INFO 已经等待95s
2020-12-30T01:43:26.536230+0800 INFO 已经等待96s
2020-12-30T01:43:27.539803+0800 INFO 已经等待97s
2020-12-30T01:43:28.542694+0800 INFO 已经等待98s
2020-12-30T01:43:29.547933+0800 INFO 已经等待99s
2020-12-30T01:43:30.548605+0800 INFO 已经等待100s
2020-12-30T01:43:31.550911+0800 INFO 已经等待101s
2020-12-30T01:43:32.555005+0800 INFO 已经等待102s
2020-12-30T01:43:33.559450+0800 INFO 已经等待103s
2020-12-30T01:43:34.563867+0800 INFO 已经等待104s
2020-12-30T01:43:35.566576+0800 INFO 已经等待105s
2020-12-30T01:43:36.569548+0800 INFO 已经等待106s
2020-12-30T01:43:37.573613+0800 INFO 已经等待107s
2020-12-30T01:43:38.579637+0800 INFO 已经等待108s
2020-12-30T01:43:39.583496+0800 INFO 已经等待109s
2020-12-30T01:43:40.585145+0800 INFO 已经等待110s
2020-12-30T01:43:41.585810+0800 INFO 已经等待111s
2020-12-30T01:43:42.588104+0800 INFO 已经等待112s
2020-12-30T01:43:43.593017+0800 INFO 已经等待113s
2020-12-30T01:43:44.597565+0800 INFO 已经等待114s
2020-12-30T01:43:45.598864+0800 INFO 已经等待115s
2020-12-30T01:43:46.601407+0800 INFO 已经等待116s
2020-12-30T01:43:47.605656+0800 INFO 已经等待117s
2020-12-30T01:43:48.608190+0800 INFO 已经等待118s
2020-12-30T01:43:49.613161+0800 INFO 已经等待119s
2020-12-30T01:43:50.617976+0800 INFO 已经等待120s
2020-12-30T01:43:51.618714+0800 INFO 已经等待121s
2020-12-30T01:43:52.623862+0800 INFO 已经等待122s
2020-12-30T01:43:53.628908+0800 INFO 已经等待123s
2020-12-30T01:43:54.634562+0800 INFO 已经等待124s
2020-12-30T01:43:55.640320+0800 INFO 已经等待125s
2020-12-30T01:43:56.644405+0800 INFO 已经等待126s
2020-12-30T01:43:57.646022+0800 INFO 已经等待127s
2020-12-30T01:43:58.649078+0800 INFO 已经等待128s
2020-12-30T01:43:59.654721+0800 INFO 已经等待129s
2020-12-30T01:44:00.660338+0800 INFO 已经等待130s
2020-12-30T01:44:01.666034+0800 INFO 已经等待131s
2020-12-30T01:44:02.671790+0800 INFO 已经等待132s
2020-12-30T01:44:03.676010+0800 INFO 已经等待133s
2020-12-30T01:44:04.680522+0800 INFO 已经等待134s
2020-12-30T01:44:05.686188+0800 INFO 已经等待135s
2020-12-30T01:44:06.691648+0800 INFO 已经等待136s
2020-12-30T01:44:07.693894+0800 INFO 已经等待137s
2020-12-30T01:44:08.695100+0800 INFO 已经等待138s
2020-12-30T01:44:09.696211+0800 INFO 已经等待139s
2020-12-30T01:44:10.700808+0800 INFO 已经等待140s
2020-12-30T01:44:11.703806+0800 INFO 已经等待141s
2020-12-30T01:44:12.704832+0800 INFO 已经等待142s
2020-12-30T01:44:13.705830+0800 INFO 已经等待143s
2020-12-30T01:44:14.706804+0800 INFO 已经等待144s
2020-12-30T01:44:15.710832+0800 INFO 已经等待145s
2020-12-30T01:44:16.711871+0800 INFO 已经等待146s
2020-12-30T01:44:17.714037+0800 INFO 已经等待147s
2020-12-30T01:44:18.718747+0800 INFO 已经等待148s
2020-12-30T01:44:19.724635+0800 INFO 已经等待149s
2020-12-30T01:44:20.728388+0800 INFO 已经等待150s
2020-12-30T01:44:21.728963+0800 INFO 已经等待151s
2020-12-30T01:44:22.730848+0800 INFO 已经等待152s
2020-12-30T01:44:23.736626+0800 INFO 已经等待153s
2020-12-30T01:44:24.739215+0800 INFO 已经等待154s
2020-12-30T01:44:25.745013+0800 INFO 已经等待155s
2020-12-30T01:44:26.750720+0800 INFO 已经等待156s
2020-12-30T01:44:27.754986+0800 INFO 已经等待157s
2020-12-30T01:44:28.760610+0800 INFO 已经等待158s
2020-12-30T01:44:29.766312+0800 INFO 已经等待159s
2020-12-30T01:44:30.770539+0800 INFO 已经等待160s
2020-12-30T01:44:31.776181+0800 INFO 已经等待161s
2020-12-30T01:44:32.781899+0800 INFO 已经等待162s
2020-12-30T01:44:33.785968+0800 INFO 已经等待163s
2020-12-30T01:44:34.791783+0800 INFO 已经等待164s
2020-12-30T01:44:35.797495+0800 INFO 已经等待165s
2020-12-30T01:44:36.800656+0800 INFO 已经等待166s
2020-12-30T01:44:37.801609+0800 INFO 已经等待167s
2020-12-30T01:44:38.802650+0800 INFO 已经等待168s
2020-12-30T01:44:39.809603+0800 INFO 已经等待169s
2020-12-30T01:44:40.810979+0800 INFO 已经等待170s
2020-12-30T01:44:41.814051+0800 INFO 已经等待171s
2020-12-30T01:44:42.818138+0800 INFO 已经等待172s
2020-12-30T01:44:43.820303+0800 INFO 已经等待173s
2020-12-30T01:44:44.821129+0800 INFO 已经等待174s
2020-12-30T01:44:45.821690+0800 INFO 已经等待175s
2020-12-30T01:44:46.827406+0800 INFO 已经等待176s
2020-12-30T01:44:47.831204+0800 INFO 已经等待177s
2020-12-30T01:44:48.833519+0800 INFO 已经等待178s
2020-12-30T01:44:49.834241+0800 INFO 已经等待179s
2020-12-30T01:44:50.835962+0800 INFO 已经等待180s
2020-12-30T01:44:51.836753+0800 INFO 已经等待181s
2020-12-30T01:44:52.839591+0800 INFO 已经等待182s
2020-12-30T01:44:53.845362+0800 INFO 已经等待183s
2020-12-30T01:44:54.849292+0800 INFO 已经等待184s
2020-12-30T01:44:55.854194+0800 INFO 已经等待185s
2020-12-30T01:44:56.858152+0800 INFO 已经等待186s
2020-12-30T01:44:57.860450+0800 INFO 已经等待187s
2020-12-30T01:44:58.865577+0800 INFO 已经等待188s
2020-12-30T01:44:59.870404+0800 INFO 已经等待189s
2020-12-30T01:45:00.871602+0800 INFO 已经等待190s
2020-12-30T01:45:01.872278+0800 INFO 已经等待191s
2020-12-30T01:45:02.874365+0800 INFO 已经等待192s
2020-12-30T01:45:03.880131+0800 INFO 已经等待193s
2020-12-30T01:45:04.882699+0800 INFO 已经等待194s
2020-12-30T01:45:05.884324+0800 INFO 已经等待195s
2020-12-30T01:45:06.890125+0800 INFO 已经等待196s
2020-12-30T01:45:07.895198+0800 INFO 已经等待197s
2020-12-30T01:45:08.896070+0800 INFO 已经等待198s
2020-12-30T01:45:09.897045+0800 INFO 已经等待199s
2020-12-30T01:45:10.897718+0800 INFO 已经等待200s
2020-12-30T01:45:11.903503+0800 INFO 已经等待201s
2020-12-30T01:45:12.909279+0800 INFO 已经等待202s
2020-12-30T01:45:13.910875+0800 INFO 已经等待203s
2020-12-30T01:45:14.911776+0800 INFO 已经等待204s
2020-12-30T01:45:15.915037+0800 INFO 已经等待205s
2020-12-30T01:45:16.921922+0800 INFO 已经等待206s
2020-12-30T01:45:17.923759+0800 INFO 已经等待207s
2020-12-30T01:45:18.928067+0800 INFO 已经等待208s
2020-12-30T01:45:19.932286+0800 INFO 已经等待209s
2020-12-30T01:45:20.936573+0800 INFO 已经等待210s
2020-12-30T01:45:21.937413+0800 INFO 已经等待211s
2020-12-30T01:45:22.939416+0800 INFO 已经等待212s
2020-12-30T01:45:23.945711+0800 INFO 已经等待213s
2020-12-30T01:45:24.948726+0800 INFO 已经等待214s
2020-12-30T01:45:25.950296+0800 INFO 已经等待215s
2020-12-30T01:45:26.952621+0800 INFO 已经等待216s
2020-12-30T01:45:27.958005+0800 INFO 已经等待217s
2020-12-30T01:45:28.961471+0800 INFO 已经等待218s
2020-12-30T01:45:29.962937+0800 INFO 已经等待219s
2020-12-30T01:45:30.967985+0800 INFO 已经等待220s
2020-12-30T01:45:31.971440+0800 INFO 已经等待221s
2020-12-30T01:45:32.976003+0800 INFO 已经等待222s
2020-12-30T01:45:33.981643+0800 INFO 已经等待223s
2020-12-30T01:45:34.986691+0800 INFO 已经等待224s
2020-12-30T01:45:35.988732+0800 INFO 已经等待225s
2020-12-30T01:45:36.990369+0800 INFO 已经等待226s
2020-12-30T01:45:37.996397+0800 INFO 已经等待227s
2020-12-30T01:45:39.001223+0800 INFO 已经等待228s
2020-12-30T01:45:40.007343+0800 INFO 已经等待229s
2020-12-30T01:45:41.012466+0800 INFO 已经等待230s
2020-12-30T01:45:42.013136+0800 INFO 已经等待231s
2020-12-30T01:45:43.014664+0800 INFO 已经等待232s
2020-12-30T01:45:44.015457+0800 INFO 已经等待233s
2020-12-30T01:45:45.017239+0800 INFO 已经等待234s
2020-12-30T01:45:46.020674+0800 INFO 已经等待235s
2020-12-30T01:45:47.026125+0800 INFO 已经等待236s
2020-12-30T01:45:48.031986+0800 INFO 已经等待237s
2020-12-30T01:45:49.034868+0800 INFO 已经等待238s
2020-12-30T01:45:50.038644+0800 INFO 已经等待239s
2020-12-30T01:45:51.039945+0800 INFO 已经等待240s
2020-12-30T01:45:52.044700+0800 INFO 已经等待241s
2020-12-30T01:45:53.048505+0800 INFO 已经等待242s
2020-12-30T01:45:54.050125+0800 INFO 已经等待243s
2020-12-30T01:45:55.055117+0800 INFO 已经等待244s
2020-12-30T01:45:56.059985+0800 INFO 已经等待245s
2020-12-30T01:45:57.064340+0800 INFO 已经等待246s
2020-12-30T01:45:58.070730+0800 INFO 已经等待247s
2020-12-30T01:45:59.074729+0800 INFO 已经等待248s
2020-12-30T01:46:00.080032+0800 INFO 已经等待249s
2020-12-30T01:46:01.084870+0800 INFO 已经等待250s
2020-12-30T01:46:02.086095+0800 INFO 已经等待251s
2020-12-30T01:46:03.088523+0800 INFO 已经等待252s
2020-12-30T01:46:04.095083+0800 INFO 已经等待253s
2020-12-30T01:46:05.099164+0800 INFO 已经等待254s
2020-12-30T01:46:06.102246+0800 INFO 已经等待255s
2020-12-30T01:46:07.105711+0800 INFO 已经等待256s
2020-12-30T01:46:08.108518+0800 INFO 已经等待257s
2020-12-30T01:46:09.113187+0800 INFO 已经等待258s
2020-12-30T01:46:10.116252+0800 INFO 已经等待259s
2020-12-30T01:46:11.120339+0800 INFO 已经等待260s
2020-12-30T01:46:12.123696+0800 INFO 已经等待261s
2020-12-30T01:46:13.129650+0800 INFO 已经等待262s
2020-12-30T01:46:14.135415+0800 INFO 已经等待263s
2020-12-30T01:46:15.141108+0800 INFO 已经等待264s
2020-12-30T01:46:16.142042+0800 INFO 已经等待265s
2020-12-30T01:46:17.143082+0800 INFO 已经等待266s
2020-12-30T01:46:18.148778+0800 INFO 已经等待267s
2020-12-30T01:46:19.152998+0800 INFO 已经等待268s
2020-12-30T01:46:20.156127+0800 INFO 已经等待269s
2020-12-30T01:46:21.159905+0800 INFO 已经等待270s
2020-12-30T01:46:22.161020+0800 INFO 已经等待271s
2020-12-30T01:46:23.163655+0800 INFO 已经等待272s
2020-12-30T01:46:24.167996+0800 INFO 已经等待273s
2020-12-30T01:46:25.170877+0800 INFO 已经等待274s
2020-12-30T01:46:26.175717+0800 INFO 已经等待275s
2020-12-30T01:46:27.179447+0800 INFO 已经等待276s
2020-12-30T01:46:28.182893+0800 INFO 已经等待277s
2020-12-30T01:46:29.184276+0800 INFO 已经等待278s
2020-12-30T01:46:30.188694+0800 INFO 已经等待279s
2020-12-30T01:46:31.192659+0800 INFO 已经等待280s
2020-12-30T01:46:32.193775+0800 INFO 已经等待281s
2020-12-30T01:46:33.195573+0800 INFO 已经等待282s
2020-12-30T01:46:34.199802+0800 INFO 已经等待283s
2020-12-30T01:46:35.200983+0800 INFO 已经等待284s
2020-12-30T01:46:36.202815+0800 INFO 已经等待285s
2020-12-30T01:46:37.206508+0800 INFO 已经等待286s
2020-12-30T01:46:38.208024+0800 INFO 已经等待287s
2020-12-30T01:46:39.210855+0800 INFO 已经等待288s
2020-12-30T01:46:40.215098+0800 INFO 已经等待289s
2020-12-30T01:46:41.220008+0800 INFO 已经等待290s
2020-12-30T01:46:42.221703+0800 INFO 已经等待291s
2020-12-30T01:46:43.223227+0800 INFO 已经等待292s
2020-12-30T01:46:44.226756+0800 INFO 已经等待293s
2020-12-30T01:46:45.229289+0800 INFO 已经等待294s
2020-12-30T01:46:46.233671+0800 INFO 已经等待295s
2020-12-30T01:46:47.239332+0800 INFO 已经等待296s
2020-12-30T01:46:48.240907+0800 INFO 已经等待297s
2020-12-30T01:46:49.241899+0800 INFO 已经等待298s
2020-12-30T01:46:50.245998+0800 INFO 已经等待299s
2020-12-30T01:46:51.250527+0800 INFO 已经等待300s
2020-12-30T01:46:52.258885+0800 INFO 已经等待301s
2020-12-30T01:46:53.263981+0800 INFO 已经等待302s
2020-12-30T01:46:54.267307+0800 INFO 已经等待303s
2020-12-30T01:46:55.270168+0800 INFO 已经等待304s
2020-12-30T01:46:56.276579+0800 INFO 已经等待305s
2020-12-30T01:46:57.278091+0800 INFO 已经等待306s
2020-12-30T01:46:58.278808+0800 INFO 已经等待307s
2020-12-30T01:46:59.280064+0800 INFO 已经等待308s
2020-12-30T01:47:00.282096+0800 INFO 已经等待309s
2020-12-30T01:47:01.287779+0800 INFO 已经等待310s
2020-12-30T01:47:02.293533+0800 INFO 已经等待311s
2020-12-30T01:47:03.298558+0800 INFO 已经等待312s
2020-12-30T01:47:04.299503+0800 INFO 已经等待313s
2020-12-30T01:47:05.300205+0800 INFO 已经等待314s
2020-12-30T01:47:06.300803+0800 INFO 已经等待315s
2020-12-30T01:47:07.302024+0800 INFO 已经等待316s
2020-12-30T01:47:08.304799+0800 INFO 已经等待317s
2020-12-30T01:47:09.309290+0800 INFO 已经等待318s
2020-12-30T01:47:10.310322+0800 INFO 已经等待319s
2020-12-30T01:47:11.311973+0800 INFO 已经等待320s
2020-12-30T01:47:12.316246+0800 INFO 已经等待321s
2020-12-30T01:47:13.319687+0800 INFO 已经等待322s
2020-12-30T01:47:14.324523+0800 INFO 已经等待323s
2020-12-30T01:47:15.325761+0800 INFO 已经等待324s
2020-12-30T01:47:16.331474+0800 INFO 已经等待325s
2020-12-30T01:47:17.334571+0800 INFO 已经等待326s
2020-12-30T01:47:18.340100+0800 INFO 已经等待327s
2020-12-30T01:47:19.345138+0800 INFO 已经等待328s
2020-12-30T01:47:20.350019+0800 INFO 已经等待329s
2020-12-30T01:47:21.355746+0800 INFO 已经等待330s
2020-12-30T01:47:22.357375+0800 INFO 已经等待331s
2020-12-30T01:47:23.358550+0800 INFO 已经等待332s
2020-12-30T01:47:24.363587+0800 INFO 已经等待333s
2020-12-30T01:47:25.366555+0800 INFO 已经等待334s
2020-12-30T01:47:26.372290+0800 INFO 已经等待335s
2020-12-30T01:47:27.377003+0800 INFO 已经等待336s
2020-12-30T01:47:28.382657+0800 INFO 已经等待337s
2020-12-30T01:47:29.388702+0800 INFO 已经等待338s
2020-12-30T01:47:30.392379+0800 INFO 已经等待339s
2020-12-30T01:47:31.395563+0800 INFO 已经等待340s
2020-12-30T01:47:32.396773+0800 INFO 已经等待341s
2020-12-30T01:47:33.401011+0800 INFO 已经等待342s
2020-12-30T01:47:34.405223+0800 INFO 已经等待343s
2020-12-30T01:47:35.410898+0800 INFO 已经等待344s
2020-12-30T01:47:36.414645+0800 INFO 已经等待345s
2020-12-30T01:47:37.420169+0800 INFO 已经等待346s
2020-12-30T01:47:38.425830+0800 INFO 已经等待347s
2020-12-30T01:47:39.431474+0800 INFO 已经等待348s
2020-12-30T01:47:40.436593+0800 INFO 已经等待349s
2020-12-30T01:47:41.442234+0800 INFO 已经等待350s
2020-12-30T01:47:42.447928+0800 INFO 已经等待351s
2020-12-30T01:47:43.451065+0800 INFO 已经等待352s
2020-12-30T01:47:44.451811+0800 INFO 已经等待353s
2020-12-30T01:47:45.452511+0800 INFO 已经等待354s
2020-12-30T01:47:46.453140+0800 INFO 已经等待355s
2020-12-30T01:47:47.454268+0800 INFO 已经等待356s
2020-12-30T01:47:48.455959+0800 INFO 已经等待357s
2020-12-30T01:47:49.458484+0800 INFO 已经等待358s
2020-12-30T01:47:50.464296+0800 INFO 已经等待359s
2020-12-30T01:47:51.466914+0800 INFO 已经等待360s
2020-12-30T01:47:52.472157+0800 INFO 已经等待361s
2020-12-30T01:47:53.476759+0800 INFO 已经等待362s
2020-12-30T01:47:54.480987+0800 INFO 已经等待363s
2020-12-30T01:47:55.485174+0800 INFO 已经等待364s
2020-12-30T01:47:56.486919+0800 INFO 已经等待365s
2020-12-30T01:47:57.491577+0800 INFO 已经等待366s
2020-12-30T01:47:58.493524+0800 INFO 已经等待367s
2020-12-30T01:47:59.496000+0800 INFO 已经等待368s
2020-12-30T01:48:00.501945+0800 INFO 已经等待369s
2020-12-30T01:48:01.504984+0800 INFO 已经等待370s
2020-12-30T01:48:02.507525+0800 INFO 已经等待371s
2020-12-30T01:48:03.511354+0800 INFO 已经等待372s
2020-12-30T01:48:04.512566+0800 INFO 已经等待373s
2020-12-30T01:48:05.516360+0800 INFO 已经等待374s
2020-12-30T01:48:06.521215+0800 INFO 已经等待375s
2020-12-30T01:48:07.525284+0800 INFO 已经等待376s
2020-12-30T01:48:08.529167+0800 INFO 已经等待377s
2020-12-30T01:48:09.531954+0800 INFO 已经等待378s
2020-12-30T01:48:10.535226+0800 INFO 已经等待379s
2020-12-30T01:48:11.536767+0800 INFO 已经等待380s
2020-12-30T01:48:12.542073+0800 INFO 已经等待381s
2020-12-30T01:48:13.543039+0800 INFO 已经等待382s
2020-12-30T01:48:14.543852+0800 INFO 已经等待383s
2020-12-30T01:48:15.545668+0800 INFO 已经等待384s
2020-12-30T01:48:16.548834+0800 INFO 已经等待385s
2020-12-30T01:48:17.553085+0800 INFO 已经等待386s
2020-12-30T01:48:18.557774+0800 INFO 已经等待387s
2020-12-30T01:48:19.562259+0800 INFO 已经等待388s
2020-12-30T01:48:20.568209+0800 INFO 已经等待389s
2020-12-30T01:48:21.572293+0800 INFO 已经等待390s
2020-12-30T01:48:22.578270+0800 INFO 已经等待391s
2020-12-30T01:48:23.579531+0800 INFO 已经等待392s
2020-12-30T01:48:24.585203+0800 INFO 已经等待393s
2020-12-30T01:48:25.588519+0800 INFO 已经等待394s
2020-12-30T01:48:26.591868+0800 INFO 已经等待395s
2020-12-30T01:48:27.593356+0800 INFO 已经等待396s
2020-12-30T01:48:28.597113+0800 INFO 已经等待397s
2020-12-30T01:48:29.597854+0800 INFO 已经等待398s
2020-12-30T01:48:30.602638+0800 INFO 已经等待399s
2020-12-30T01:48:31.604305+0800 INFO 已经等待400s
2020-12-30T01:48:32.609998+0800 INFO 已经等待401s
2020-12-30T01:48:33.614578+0800 INFO 已经等待402s
2020-12-30T01:48:34.619201+0800 INFO 已经等待403s
2020-12-30T01:48:35.622600+0800 INFO 已经等待404s
2020-12-30T01:48:36.628286+0800 INFO 已经等待405s
2020-12-30T01:48:37.629418+0800 INFO 已经等待406s
2020-12-30T01:48:38.630628+0800 INFO 已经等待407s
2020-12-30T01:48:39.632644+0800 INFO 已经等待408s
2020-12-30T01:48:40.636276+0800 INFO 已经等待409s
2020-12-30T01:48:41.641996+0800 INFO 已经等待410s
2020-12-30T01:48:42.647780+0800 INFO 已经等待411s
2020-12-30T01:48:43.648731+0800 INFO 已经等待412s
2020-12-30T01:48:44.652453+0800 INFO 已经等待413s
2020-12-30T01:48:45.658059+0800 INFO 已经等待414s
2020-12-30T01:48:46.662383+0800 INFO 已经等待415s
2020-12-30T01:48:47.667883+0800 INFO 已经等待416s
2020-12-30T01:48:48.670672+0800 INFO 已经等待417s
2020-12-30T01:48:49.676348+0800 INFO 已经等待418s
2020-12-30T01:48:50.682165+0800 INFO 已经等待419s
2020-12-30T01:48:51.686154+0800 INFO 已经等待420s
2020-12-30T01:48:52.689026+0800 INFO 已经等待421s
2020-12-30T01:48:53.689923+0800 INFO 已经等待422s
2020-12-30T01:48:54.695598+0800 INFO 已经等待423s
2020-12-30T01:48:55.699121+0800 INFO 已经等待424s
2020-12-30T01:48:56.704062+0800 INFO 已经等待425s
2020-12-30T01:48:57.707142+0800 INFO 已经等待426s
2020-12-30T01:48:58.710793+0800 INFO 已经等待427s
2020-12-30T01:48:59.714875+0800 INFO 已经等待428s
2020-12-30T01:49:00.719274+0800 INFO 已经等待429s
2020-12-30T01:49:01.723823+0800 INFO 已经等待430s
2020-12-30T01:49:02.727770+0800 INFO 已经等待431s
2020-12-30T01:49:03.730033+0800 INFO 已经等待432s
2020-12-30T01:49:04.734735+0800 INFO 已经等待433s
2020-12-30T01:49:05.738946+0800 INFO 已经等待434s
2020-12-30T01:49:06.743919+0800 INFO 已经等待435s
2020-12-30T01:49:07.748955+0800 INFO 已经等待436s
2020-12-30T01:49:08.749746+0800 INFO 已经等待437s
2020-12-30T01:49:09.754409+0800 INFO 已经等待438s
2020-12-30T01:49:10.755325+0800 INFO 已经等待439s
2020-12-30T01:49:11.761036+0800 INFO 已经等待440s
2020-12-30T01:49:12.766481+0800 INFO 已经等待441s
2020-12-30T01:49:13.768882+0800 INFO 已经等待442s
2020-12-30T01:49:14.774546+0800 INFO 已经等待443s
2020-12-30T01:49:15.778003+0800 INFO 已经等待444s
2020-12-30T01:49:16.782233+0800 INFO 已经等待445s
2020-12-30T01:49:17.783081+0800 INFO 已经等待446s
2020-12-30T01:49:18.787889+0800 INFO 已经等待447s
2020-12-30T01:49:19.793559+0800 INFO 已经等待448s
2020-12-30T01:49:20.795671+0800 INFO 已经等待449s
2020-12-30T01:49:21.801168+0800 INFO 已经等待450s
2020-12-30T01:49:22.806973+0800 INFO 已经等待451s
2020-12-30T01:49:23.809679+0800 INFO 已经等待452s
2020-12-30T01:49:24.814317+0800 INFO 已经等待453s
2020-12-30T01:49:25.819911+0800 INFO 已经等待454s
2020-12-30T01:49:26.824896+0800 INFO 已经等待455s
2020-12-30T01:49:27.828244+0800 INFO 已经等待456s
2020-12-30T01:49:28.829168+0800 INFO 已经等待457s
2020-12-30T01:49:29.829959+0800 INFO 已经等待458s
2020-12-30T01:49:30.832112+0800 INFO 已经等待459s
2020-12-30T01:49:31.832716+0800 INFO 已经等待460s
2020-12-30T01:49:32.833405+0800 INFO 已经等待461s
2020-12-30T01:49:33.834283+0800 INFO 已经等待462s
2020-12-30T01:49:34.837809+0800 INFO 已经等待463s
2020-12-30T01:49:35.841563+0800 INFO 已经等待464s
2020-12-30T01:49:36.842361+0800 INFO 已经等待465s
2020-12-30T01:49:37.843767+0800 INFO 已经等待466s
2020-12-30T01:49:38.844784+0800 INFO 已经等待467s
2020-12-30T01:49:39.845553+0800 INFO 已经等待468s
2020-12-30T01:49:40.845988+0800 INFO 已经等待469s
2020-12-30T01:49:41.846634+0800 INFO 已经等待470s
2020-12-30T01:49:42.847360+0800 INFO 已经等待471s
2020-12-30T01:49:43.853157+0800 INFO 已经等待472s
2020-12-30T01:49:44.856763+0800 INFO 已经等待473s
2020-12-30T01:49:45.862648+0800 INFO 已经等待474s
2020-12-30T01:49:46.867335+0800 INFO 已经等待475s
2020-12-30T01:49:47.872466+0800 INFO 已经等待476s
2020-12-30T01:49:48.877915+0800 INFO 已经等待477s
2020-12-30T01:49:49.882294+0800 INFO 已经等待478s
2020-12-30T01:49:50.882944+0800 INFO 已经等待479s
2020-12-30T01:49:51.888204+0800 INFO 已经等待480s
2020-12-30T01:49:52.893918+0800 INFO 已经等待481s
2020-12-30T01:49:53.896043+0800 INFO 已经等待482s
2020-12-30T01:49:54.900845+0800 INFO 已经等待483s
2020-12-30T01:49:55.903420+0800 INFO 已经等待484s
2020-12-30T01:49:56.904490+0800 INFO 已经等待485s
2020-12-30T01:49:57.910233+0800 INFO 已经等待486s
2020-12-30T01:49:58.915997+0800 INFO 已经等待487s
2020-12-30T01:49:59.919764+0800 INFO 已经等待488s
2020-12-30T01:50:00.920773+0800 INFO 已经等待489s
2020-12-30T01:50:01.922140+0800 INFO 已经等待490s
2020-12-30T01:50:02.922867+0800 INFO 已经等待491s
2020-12-30T01:50:03.927734+0800 INFO 已经等待492s
2020-12-30T01:50:04.930253+0800 INFO 已经等待493s
2020-12-30T01:50:05.931021+0800 INFO 已经等待494s
2020-12-30T01:50:06.934726+0800 INFO 已经等待495s
2020-12-30T01:50:07.935404+0800 INFO 已经等待496s
2020-12-30T01:50:08.936119+0800 INFO 已经等待497s
2020-12-30T01:50:09.941891+0800 INFO 已经等待498s
2020-12-30T01:50:10.942791+0800 INFO 已经等待499s
2020-12-30T01:50:11.943582+0800 INFO 已经等待500s
2020-12-30T01:50:12.944491+0800 INFO 已经等待501s
2020-12-30T01:50:13.945271+0800 INFO 已经等待502s
2020-12-30T01:50:14.945941+0800 INFO 已经等待503s
2020-12-30T01:50:15.951331+0800 INFO 已经等待504s
2020-12-30T01:50:16.952122+0800 INFO 已经等待505s
2020-12-30T01:50:17.953449+0800 INFO 已经等待506s
2020-12-30T01:50:18.959102+0800 INFO 已经等待507s
2020-12-30T01:50:19.964033+0800 INFO 已经等待508s
2020-12-30T01:50:20.967374+0800 INFO 已经等待509s
2020-12-30T01:50:21.970065+0800 INFO 已经等待510s
2020-12-30T01:50:22.974601+0800 INFO 已经等待511s
2020-12-30T01:50:23.980261+0800 INFO 已经等待512s
2020-12-30T01:50:24.983038+0800 INFO 已经等待513s
2020-12-30T01:50:25.986463+0800 INFO 已经等待514s
2020-12-30T01:50:26.990764+0800 INFO 已经等待515s
2020-12-30T01:50:27.994314+0800 INFO 已经等待516s
2020-12-30T01:50:28.998850+0800 INFO 已经等待517s
2020-12-30T01:50:30.001310+0800 INFO 已经等待518s
2020-12-30T01:50:31.002490+0800 INFO 已经等待519s
2020-12-30T01:50:32.003845+0800 INFO 已经等待520s
2020-12-30T01:50:33.005512+0800 INFO 已经等待521s
2020-12-30T01:50:34.007674+0800 INFO 已经等待522s
2020-12-30T01:50:35.013216+0800 INFO 已经等待523s
2020-12-30T01:50:36.014617+0800 INFO 已经等待524s
2020-12-30T01:50:37.020410+0800 INFO 已经等待525s
2020-12-30T01:50:38.022609+0800 INFO 已经等待526s
2020-12-30T01:50:39.023824+0800 INFO 已经等待527s
2020-12-30T01:50:40.029469+0800 INFO 已经等待528s
2020-12-30T01:50:41.032933+0800 INFO 已经等待529s
2020-12-30T01:50:42.033744+0800 INFO 已经等待530s
2020-12-30T01:50:43.039111+0800 INFO 已经等待531s
2020-12-30T01:50:44.043640+0800 INFO 已经等待532s
2020-12-30T01:50:45.046422+0800 INFO 已经等待533s
2020-12-30T01:50:46.052146+0800 INFO 已经等待534s
2020-12-30T01:50:47.056797+0800 INFO 已经等待535s
2020-12-30T01:50:48.061224+0800 INFO 已经等待536s
2020-12-30T01:50:49.062093+0800 INFO 已经等待537s
2020-12-30T01:50:50.062800+0800 INFO 已经等待538s
2020-12-30T01:50:51.068509+0800 INFO 已经等待539s
2020-12-30T01:50:52.071899+0800 INFO 已经等待540s
2020-12-30T01:50:53.077664+0800 INFO 已经等待541s
2020-12-30T01:50:54.080796+0800 INFO 已经等待542s
2020-12-30T01:50:55.081702+0800 INFO 已经等待543s
2020-12-30T01:50:56.087349+0800 INFO 已经等待544s
2020-12-30T01:50:57.092912+0800 INFO 已经等待545s
2020-12-30T01:50:58.097500+0800 INFO 已经等待546s
2020-12-30T01:50:59.099583+0800 INFO 已经等待547s
2020-12-30T01:51:00.100345+0800 INFO 已经等待548s
2020-12-30T01:51:01.101130+0800 INFO 已经等待549s
2020-12-30T01:51:02.102190+0800 INFO 已经等待550s
2020-12-30T01:51:03.102901+0800 INFO 已经等待551s
2020-12-30T01:51:04.107895+0800 INFO 已经等待552s
2020-12-30T01:51:05.109681+0800 INFO 已经等待553s
2020-12-30T01:51:06.115575+0800 INFO 已经等待554s
2020-12-30T01:51:07.121044+0800 INFO 已经等待555s
2020-12-30T01:51:08.125785+0800 INFO 已经等待556s
2020-12-30T01:51:09.130018+0800 INFO 已经等待557s
2020-12-30T01:51:10.131830+0800 INFO 已经等待558s
2020-12-30T01:51:11.134583+0800 INFO 已经等待559s
2020-12-30T01:51:12.140279+0800 INFO 已经等待560s
2020-12-30T01:51:13.141242+0800 INFO 已经等待561s
2020-12-30T01:51:14.145028+0800 INFO 已经等待562s
2020-12-30T01:51:15.150132+0800 INFO 已经等待563s
2020-12-30T01:51:16.155877+0800 INFO 已经等待564s
2020-12-30T01:51:17.159576+0800 INFO 已经等待565s
2020-12-30T01:51:18.160321+0800 INFO 已经等待566s
2020-12-30T01:51:19.161162+0800 INFO 已经等待567s
2020-12-30T01:51:20.161897+0800 INFO 已经等待568s
2020-12-30T01:51:21.162925+0800 INFO 已经等待569s
2020-12-30T01:51:22.168043+0800 INFO 已经等待570s
2020-12-30T01:51:23.172330+0800 INFO 已经等待571s
2020-12-30T01:51:24.173428+0800 INFO 已经等待572s
2020-12-30T01:51:25.179260+0800 INFO 已经等待573s
2020-12-30T01:51:26.180128+0800 INFO 已经等待574s
2020-12-30T01:51:27.180948+0800 INFO 已经等待575s
2020-12-30T01:51:28.182072+0800 INFO 已经等待576s
2020-12-30T01:51:29.187774+0800 INFO 已经等待577s
2020-12-30T01:51:30.193588+0800 INFO 已经等待578s
2020-12-30T01:51:31.199329+0800 INFO 已经等待579s
2020-12-30T01:51:32.201236+0800 INFO 已经等待580s
2020-12-30T01:51:33.203545+0800 INFO 已经等待581s
2020-12-30T01:51:34.204379+0800 INFO 已经等待582s
2020-12-30T01:51:35.205261+0800 INFO 已经等待583s
2020-12-30T01:51:36.206560+0800 INFO 已经等待584s
2020-12-30T01:51:37.210483+0800 INFO 已经等待585s
2020-12-30T01:51:38.216129+0800 INFO 已经等待586s
2020-12-30T01:51:39.219703+0800 INFO 已经等待587s
2020-12-30T01:51:40.221032+0800 INFO 已经等待588s
2020-12-30T01:51:41.224577+0800 INFO 已经等待589s
2020-12-30T01:51:42.229136+0800 INFO 已经等待590s
2020-12-30T01:51:43.232517+0800 INFO 已经等待591s
2020-12-30T01:51:44.237755+0800 INFO 已经等待592s
2020-12-30T01:51:45.240288+0800 INFO 已经等待593s
2020-12-30T01:51:46.241162+0800 INFO 已经等待594s
2020-12-30T01:51:47.246450+0800 INFO 已经等待595s
2020-12-30T01:51:48.251082+0800 INFO 已经等待596s
2020-12-30T01:51:49.254104+0800 INFO 已经等待597s
2020-12-30T01:51:50.259183+0800 INFO 已经等待598s
2020-12-30T01:51:51.261401+0800 INFO 已经等待599s
2020-12-30T01:51:52.267178+0800 INFO 已经等待600s
2020-12-30T01:51:53.268012+0800 INFO 已经等待601s
2020-12-30T01:51:54.270586+0800 INFO 已经等待602s
2020-12-30T01:51:55.274134+0800 INFO 已经等待603s
2020-12-30T01:51:56.279409+0800 INFO 已经等待604s
2020-12-30T01:51:57.282287+0800 INFO 已经等待605s
2020-12-30T01:51:58.283961+0800 INFO 已经等待606s
2020-12-30T01:51:59.284924+0800 INFO 已经等待607s
2020-12-30T01:52:00.290563+0800 INFO 已经等待608s
2020-12-30T01:52:01.291579+0800 INFO 已经等待609s
2020-12-30T01:52:02.295922+0800 INFO 已经等待610s
2020-12-30T01:52:03.298920+0800 INFO 已经等待611s
2020-12-30T01:52:04.299916+0800 INFO 已经等待612s
2020-12-30T01:52:05.301425+0800 INFO 已经等待613s
2020-12-30T01:52:06.307028+0800 INFO 已经等待614s
2020-12-30T01:52:07.313008+0800 INFO 已经等待615s
2020-12-30T01:52:08.318446+0800 INFO 已经等待616s
2020-12-30T01:52:09.319414+0800 INFO 已经等待617s
2020-12-30T01:52:10.324471+0800 INFO 已经等待618s
2020-12-30T01:52:11.329059+0800 INFO 已经等待619s
2020-12-30T01:52:12.333813+0800 INFO 已经等待620s
2020-12-30T01:52:13.337368+0800 INFO 已经等待621s
2020-12-30T01:52:14.338623+0800 INFO 已经等待622s
2020-12-30T01:52:15.339372+0800 INFO 已经等待623s
2020-12-30T01:52:16.340319+0800 INFO 已经等待624s
2020-12-30T01:52:17.345708+0800 INFO 已经等待625s
2020-12-30T01:52:18.351481+0800 INFO 已经等待626s
2020-12-30T01:52:19.357262+0800 INFO 已经等待627s
2020-12-30T01:52:20.361468+0800 INFO 已经等待628s
2020-12-30T01:52:21.367197+0800 INFO 已经等待629s
2020-12-30T01:52:22.372922+0800 INFO 已经等待630s
2020-12-30T01:52:23.376145+0800 INFO 已经等待631s
2020-12-30T01:52:24.380538+0800 INFO 已经等待632s
2020-12-30T01:52:25.386194+0800 INFO 已经等待633s
2020-12-30T01:52:26.389816+0800 INFO 已经等待634s
2020-12-30T01:52:27.394589+0800 INFO 已经等待635s
2020-12-30T01:52:28.395276+0800 INFO 已经等待636s
2020-12-30T01:52:29.400663+0800 INFO 已经等待637s
2020-12-30T01:52:30.401611+0800 INFO 已经等待638s
2020-12-30T01:52:31.405498+0800 INFO 已经等待639s
2020-12-30T01:52:32.409528+0800 INFO 已经等待640s
2020-12-30T01:52:33.414021+0800 INFO 已经等待641s
2020-12-30T01:52:34.417730+0800 INFO 已经等待642s
2020-12-30T01:52:35.424097+0800 INFO 已经等待643s
2020-12-30T01:52:36.429988+0800 INFO 已经等待644s
2020-12-30T01:52:37.434788+0800 INFO 已经等待645s
2020-12-30T01:52:38.440199+0800 INFO 已经等待646s
2020-12-30T01:52:39.444725+0800 INFO 已经等待647s
2020-12-30T01:52:40.450535+0800 INFO 已经等待648s
2020-12-30T01:52:41.456296+0800 INFO 已经等待649s
2020-12-30T01:52:42.457413+0800 INFO 已经等待650s
2020-12-30T01:52:43.463087+0800 INFO 已经等待651s
2020-12-30T01:52:44.466593+0800 INFO 已经等待652s
2020-12-30T01:52:45.470139+0800 INFO 已经等待653s
2020-12-30T01:52:46.473816+0800 INFO 已经等待654s
2020-12-30T01:52:47.479503+0800 INFO 已经等待655s
2020-12-30T01:52:48.485225+0800 INFO 已经等待656s
2020-12-30T01:52:49.487847+0800 INFO 已经等待657s
2020-12-30T01:52:50.489023+0800 INFO 已经等待658s
2020-12-30T01:52:51.489854+0800 INFO 已经等待659s
2020-12-30T01:52:52.490615+0800 INFO 已经等待660s
2020-12-30T01:52:53.491211+0800 INFO 已经等待661s
2020-12-30T01:52:54.496883+0800 INFO 已经等待662s
2020-12-30T01:52:55.498383+0800 INFO 已经等待663s
2020-12-30T01:52:56.499377+0800 INFO 已经等待664s
2020-12-30T01:52:57.502476+0800 INFO 已经等待665s
2020-12-30T01:52:58.503698+0800 INFO 已经等待666s
2020-12-30T01:52:59.508899+0800 INFO 已经等待667s
2020-12-30T01:53:00.511662+0800 INFO 已经等待668s
2020-12-30T01:53:01.517246+0800 INFO 已经等待669s
2020-12-30T01:53:02.519208+0800 INFO 已经等待670s
2020-12-30T01:53:03.524937+0800 INFO 已经等待671s
2020-12-30T01:53:04.530211+0800 INFO 已经等待672s
2020-12-30T01:53:05.534837+0800 INFO 已经等待673s
2020-12-30T01:53:06.536441+0800 INFO 已经等待674s
2020-12-30T01:53:07.537220+0800 INFO 已经等待675s
2020-12-30T01:53:08.538434+0800 INFO 已经等待676s
2020-12-30T01:53:09.542925+0800 INFO 已经等待677s
2020-12-30T01:53:10.548642+0800 INFO 已经等待678s
2020-12-30T01:53:11.550018+0800 INFO 已经等待679s
2020-12-30T01:53:12.551654+0800 INFO 已经等待680s
2020-12-30T01:53:13.552440+0800 INFO 已经等待681s
2020-12-30T01:53:14.553238+0800 INFO 已经等待682s
2020-12-30T01:53:15.559039+0800 INFO 已经等待683s
2020-12-30T01:53:16.563093+0800 INFO 已经等待684s
2020-12-30T01:53:17.565111+0800 INFO 已经等待685s
2020-12-30T01:53:18.570649+0800 INFO 已经等待686s
2020-12-30T01:53:19.571504+0800 INFO 已经等待687s
2020-12-30T01:53:20.572473+0800 INFO 已经等待688s
2020-12-30T01:53:21.574985+0800 INFO 已经等待689s
2020-12-30T01:53:22.578812+0800 INFO 已经等待690s
2020-12-30T01:53:23.584772+0800 INFO 已经等待691s
2020-12-30T01:53:24.590074+0800 INFO 已经等待692s
2020-12-30T01:53:25.591210+0800 INFO 已经等待693s
2020-12-30T01:53:26.591928+0800 INFO 已经等待694s
2020-12-30T01:53:27.597631+0800 INFO 已经等待695s
2020-12-30T01:53:28.601839+0800 INFO 已经等待696s
2020-12-30T01:53:29.604224+0800 INFO 已经等待697s
2020-12-30T01:53:30.609563+0800 INFO 已经等待698s
2020-12-30T01:53:31.612322+0800 INFO 已经等待699s
2020-12-30T01:53:32.614797+0800 INFO 已经等待700s
2020-12-30T01:53:33.620450+0800 INFO 已经等待701s
2020-12-30T01:53:34.626204+0800 INFO 已经等待702s
2020-12-30T01:53:35.629438+0800 INFO 已经等待703s
2020-12-30T01:53:36.631806+0800 INFO 已经等待704s
2020-12-30T01:53:37.632901+0800 INFO 已经等待705s
2020-12-30T01:53:38.636244+0800 INFO 已经等待706s
2020-12-30T01:53:39.642017+0800 INFO 已经等待707s
2020-12-30T01:53:40.646459+0800 INFO 已经等待708s
2020-12-30T01:53:41.647987+0800 INFO 已经等待709s
2020-12-30T01:53:42.650599+0800 INFO 已经等待710s
2020-12-30T01:53:43.656274+0800 INFO 已经等待711s
2020-12-30T01:53:44.660852+0800 INFO 已经等待712s
2020-12-30T01:53:45.666155+0800 INFO 已经等待713s
2020-12-30T01:53:46.666980+0800 INFO 已经等待714s
2020-12-30T01:53:47.670146+0800 INFO 已经等待715s
2020-12-30T01:53:48.675926+0800 INFO 已经等待716s
2020-12-30T01:53:49.677304+0800 INFO 已经等待717s
2020-12-30T01:53:50.683052+0800 INFO 已经等待718s
2020-12-30T01:53:51.686584+0800 INFO 已经等待719s
2020-12-30T01:53:52.691413+0800 INFO 已经等待720s
2020-12-30T01:53:53.693501+0800 INFO 已经等待721s
2020-12-30T01:53:54.696465+0800 INFO 已经等待722s
2020-12-30T01:53:55.702083+0800 INFO 已经等待723s
2020-12-30T01:53:56.705672+0800 INFO 已经等待724s
2020-12-30T01:53:57.708192+0800 INFO 已经等待725s
2020-12-30T01:53:58.710748+0800 INFO 已经等待726s
2020-12-30T01:53:59.711365+0800 INFO 已经等待727s
2020-12-30T01:54:00.717098+0800 INFO 已经等待728s
2020-12-30T01:54:01.722852+0800 INFO 已经等待729s
2020-12-30T01:54:02.726134+0800 INFO 已经等待730s
2020-12-30T01:54:03.727008+0800 INFO 已经等待731s
2020-12-30T01:54:04.730442+0800 INFO 已经等待732s
2020-12-30T01:54:05.736081+0800 INFO 已经等待733s
2020-12-30T01:54:06.739512+0800 INFO 已经等待734s
2020-12-30T01:54:07.745029+0800 INFO 已经等待735s
2020-12-30T01:54:08.745763+0800 INFO 已经等待736s
2020-12-30T01:54:09.749537+0800 INFO 已经等待737s
2020-12-30T01:54:10.753627+0800 INFO 已经等待738s
2020-12-30T01:54:11.756176+0800 INFO 已经等待739s
2020-12-30T01:54:12.757529+0800 INFO 已经等待740s
2020-12-30T01:54:13.761674+0800 INFO 已经等待741s
2020-12-30T01:54:14.765199+0800 INFO 已经等待742s
2020-12-30T01:54:15.770730+0800 INFO 已经等待743s
2020-12-30T01:54:16.776488+0800 INFO 已经等待744s
2020-12-30T01:54:17.781595+0800 INFO 已经等待745s
2020-12-30T01:54:18.786702+0800 INFO 已经等待746s
2020-12-30T01:54:19.792597+0800 INFO 已经等待747s
2020-12-30T01:54:20.793425+0800 INFO 已经等待748s
2020-12-30T01:54:21.799168+0800 INFO 已经等待749s
2020-12-30T01:54:22.802120+0800 INFO 已经等待750s
2020-12-30T01:54:23.807082+0800 INFO 已经等待751s
2020-12-30T01:54:24.810981+0800 INFO 已经等待752s
2020-12-30T01:54:25.814322+0800 INFO 已经等待753s
2020-12-30T01:54:26.818749+0800 INFO 已经等待754s
2020-12-30T01:54:27.821220+0800 INFO 已经等待755s
2020-12-30T01:54:28.824243+0800 INFO 已经等待756s
2020-12-30T01:54:29.827147+0800 INFO 已经等待757s
2020-12-30T01:54:30.832704+0800 INFO 已经等待758s
2020-12-30T01:54:31.837740+0800 INFO 已经等待759s
2020-12-30T01:54:32.840367+0800 INFO 已经等待760s
2020-12-30T01:54:33.842112+0800 INFO 已经等待761s
2020-12-30T01:54:34.845131+0800 INFO 已经等待762s
2020-12-30T01:54:35.848393+0800 INFO 已经等待763s
2020-12-30T01:54:36.849428+0800 INFO 已经等待764s
2020-12-30T01:54:37.850271+0800 INFO 已经等待765s
2020-12-30T01:54:38.852805+0800 INFO 已经等待766s
2020-12-30T01:54:39.855028+0800 INFO 已经等待767s
2020-12-30T01:54:40.860636+0800 INFO 已经等待768s
2020-12-30T01:54:41.864584+0800 INFO 已经等待769s
2020-12-30T01:54:42.865453+0800 INFO 已经等待770s
2020-12-30T01:54:43.869098+0800 INFO 已经等待771s
2020-12-30T01:54:44.873477+0800 INFO 已经等待772s
2020-12-30T01:54:45.878805+0800 INFO 已经等待773s
2020-12-30T01:54:46.884210+0800 INFO 已经等待774s
2020-12-30T01:54:47.888719+0800 INFO 已经等待775s
2020-12-30T01:54:48.894125+0800 INFO 已经等待776s
2020-12-30T01:54:49.898834+0800 INFO 已经等待777s
2020-12-30T01:54:50.904334+0800 INFO 已经等待778s
2020-12-30T01:54:51.910517+0800 INFO 已经等待779s
2020-12-30T01:54:52.912058+0800 INFO 已经等待780s
2020-12-30T01:54:53.917241+0800 INFO 已经等待781s
2020-12-30T01:54:54.922572+0800 INFO 已经等待782s
2020-12-30T01:54:55.927846+0800 INFO 已经等待783s
2020-12-30T01:54:56.928701+0800 INFO 已经等待784s
2020-12-30T01:54:57.934598+0800 INFO 已经等待785s
2020-12-30T01:54:58.939991+0800 INFO 已经等待786s
2020-12-30T01:54:59.944081+0800 INFO 已经等待787s
2020-12-30T01:55:00.949782+0800 INFO 已经等待788s
2020-12-30T01:55:01.955596+0800 INFO 已经等待789s
2020-12-30T01:55:02.959517+0800 INFO 已经等待790s
2020-12-30T01:55:03.964965+0800 INFO 已经等待791s
2020-12-30T01:55:04.970647+0800 INFO 已经等待792s
2020-12-30T01:55:05.974975+0800 INFO 已经等待793s
2020-12-30T01:55:06.978096+0800 INFO 已经等待794s
2020-12-30T01:55:07.979335+0800 INFO 已经等待795s
2020-12-30T01:55:08.981220+0800 INFO 已经等待796s
2020-12-30T01:55:09.982816+0800 INFO 已经等待797s
2020-12-30T01:55:10.987052+0800 INFO 已经等待798s
2020-12-30T01:55:11.990844+0800 INFO 已经等待799s
2020-12-30T01:55:12.993952+0800 INFO 已经等待800s
2020-12-30T01:55:13.996368+0800 INFO 已经等待801s
2020-12-30T01:55:15.001281+0800 INFO 已经等待802s
2020-12-30T01:55:16.006792+0800 INFO 已经等待803s
2020-12-30T01:55:17.007577+0800 INFO 已经等待804s
2020-12-30T01:55:18.012375+0800 INFO 已经等待805s
2020-12-30T01:55:19.015773+0800 INFO 已经等待806s
2020-12-30T01:55:20.019943+0800 INFO 已经等待807s
2020-12-30T01:55:21.022433+0800 INFO 已经等待808s
2020-12-30T01:55:22.024671+0800 INFO 已经等待809s
2020-12-30T01:55:23.029314+0800 INFO 已经等待810s
2020-12-30T01:55:24.032915+0800 INFO 已经等待811s
2020-12-30T01:55:25.038732+0800 INFO 已经等待812s
2020-12-30T01:55:26.042194+0800 INFO 已经等待813s
2020-12-30T01:55:27.047455+0800 INFO 已经等待814s
2020-12-30T01:55:28.051840+0800 INFO 已经等待815s
2020-12-30T01:55:29.057614+0800 INFO 已经等待816s
2020-12-30T01:55:30.063377+0800 INFO 已经等待817s
2020-12-30T01:55:31.069059+0800 INFO 已经等待818s
2020-12-30T01:55:32.070931+0800 INFO 已经等待819s
2020-12-30T01:55:33.076876+0800 INFO 已经等待820s
2020-12-30T01:55:34.078629+0800 INFO 已经等待821s
2020-12-30T01:55:35.079699+0800 INFO 已经等待822s
2020-12-30T01:55:36.085613+0800 INFO 已经等待823s
2020-12-30T01:55:37.089056+0800 INFO 已经等待824s
2020-12-30T01:55:38.090497+0800 INFO 已经等待825s
2020-12-30T01:55:39.096153+0800 INFO 已经等待826s
2020-12-30T01:55:40.101640+0800 INFO 已经等待827s
2020-12-30T01:55:41.107588+0800 INFO 已经等待828s
2020-12-30T01:55:42.108395+0800 INFO 已经等待829s
2020-12-30T01:55:43.110752+0800 INFO 已经等待830s
2020-12-30T01:55:44.113835+0800 INFO 已经等待831s
2020-12-30T01:55:45.116892+0800 INFO 已经等待832s
2020-12-30T01:55:46.117798+0800 INFO 已经等待833s
2020-12-30T01:55:47.119372+0800 INFO 已经等待834s
2020-12-30T01:55:48.120024+0800 INFO 已经等待835s
2020-12-30T01:55:49.120633+0800 INFO 已经等待836s
2020-12-30T01:55:50.121343+0800 INFO 已经等待837s
2020-12-30T01:55:51.122111+0800 INFO 已经等待838s
2020-12-30T01:55:52.125804+0800 INFO 已经等待839s
2020-12-30T01:55:53.130626+0800 INFO 已经等待840s
2020-12-30T01:55:54.132027+0800 INFO 已经等待841s
2020-12-30T01:55:55.137790+0800 INFO 已经等待842s
2020-12-30T01:55:56.140812+0800 INFO 已经等待843s
2020-12-30T01:55:57.146533+0800 INFO 已经等待844s
2020-12-30T01:55:58.149321+0800 INFO 已经等待845s
2020-12-30T01:55:59.150172+0800 INFO 已经等待846s
2020-12-30T01:56:00.150914+0800 INFO 已经等待847s
2020-12-30T01:56:01.152391+0800 INFO 已经等待848s
2020-12-30T01:56:02.153208+0800 INFO 已经等待849s
2020-12-30T01:56:03.154183+0800 INFO 已经等待850s
2020-12-30T01:56:04.159842+0800 INFO 已经等待851s
2020-12-30T01:56:05.163904+0800 INFO 已经等待852s
2020-12-30T01:56:06.164756+0800 INFO 已经等待853s
2020-12-30T01:56:07.170515+0800 INFO 已经等待854s
2020-12-30T01:56:08.172466+0800 INFO 已经等待855s
2020-12-30T01:56:09.173783+0800 INFO 已经等待856s
2020-12-30T01:56:10.174429+0800 INFO 已经等待857s
2020-12-30T01:56:11.179294+0800 INFO 已经等待858s
2020-12-30T01:56:12.180117+0800 INFO 已经等待859s
2020-12-30T01:56:13.185009+0800 INFO 已经等待860s
2020-12-30T01:56:14.187681+0800 INFO 已经等待861s
2020-12-30T01:56:15.192297+0800 INFO 已经等待862s
2020-12-30T01:56:16.196600+0800 INFO 已经等待863s
2020-12-30T01:56:17.202296+0800 INFO 已经等待864s
2020-12-30T01:56:18.205408+0800 INFO 已经等待865s
2020-12-30T01:56:19.210920+0800 INFO 已经等待866s
2020-12-30T01:56:20.211858+0800 INFO 已经等待867s
2020-12-30T01:56:21.216475+0800 INFO 已经等待868s
2020-12-30T01:56:22.222326+0800 INFO 已经等待869s
2020-12-30T01:56:23.227242+0800 INFO 已经等待870s
2020-12-30T01:56:24.229872+0800 INFO 已经等待871s
2020-12-30T01:56:25.230739+0800 INFO 已经等待872s
2020-12-30T01:56:26.233206+0800 INFO 已经等待873s
2020-12-30T01:56:27.234378+0800 INFO 已经等待874s
2020-12-30T01:56:28.240001+0800 INFO 已经等待875s
2020-12-30T01:56:29.243016+0800 INFO 已经等待876s
2020-12-30T01:56:30.243897+0800 INFO 已经等待877s
2020-12-30T01:56:31.245444+0800 INFO 已经等待878s
2020-12-30T01:56:32.251181+0800 INFO 已经等待879s
2020-12-30T01:56:33.256887+0800 INFO 已经等待880s
2020-12-30T01:56:34.259274+0800 INFO 已经等待881s
2020-12-30T01:56:35.264933+0800 INFO 已经等待882s
2020-12-30T01:56:36.270736+0800 INFO 已经等待883s
2020-12-30T01:56:37.271933+0800 INFO 已经等待884s
2020-12-30T01:56:38.275026+0800 INFO 已经等待885s
2020-12-30T01:56:39.280583+0800 INFO 已经等待886s
2020-12-30T01:56:40.286302+0800 INFO 已经等待887s
2020-12-30T01:56:41.290290+0800 INFO 已经等待888s
2020-12-30T01:56:42.296127+0800 INFO 已经等待889s
2020-12-30T01:56:43.301835+0800 INFO 已经等待890s
2020-12-30T01:56:44.306856+0800 INFO 已经等待891s
2020-12-30T01:56:45.309146+0800 INFO 已经等待892s
2020-12-30T01:56:46.310090+0800 INFO 已经等待893s
2020-12-30T01:56:47.310792+0800 INFO 已经等待894s
2020-12-30T01:56:48.316455+0800 INFO 已经等待895s
2020-12-30T01:56:49.321715+0800 INFO 已经等待896s
2020-12-30T01:56:50.327694+0800 INFO 已经等待897s
2020-12-30T01:56:51.333444+0800 INFO 已经等待898s
2020-12-30T01:56:52.338297+0800 INFO 已经等待899s
2020-12-30T01:56:53.342111+0800 INFO 已经等待900s
2020-12-30T01:56:54.344754+0800 INFO 已经等待901s
2020-12-30T01:56:55.350498+0800 INFO 已经等待902s
2020-12-30T01:56:56.354038+0800 INFO 已经等待903s
2020-12-30T01:56:57.359118+0800 INFO 已经等待904s
2020-12-30T01:56:58.363133+0800 INFO 已经等待905s
2020-12-30T01:56:59.368891+0800 INFO 已经等待906s
2020-12-30T01:57:00.374700+0800 INFO 已经等待907s
2020-12-30T01:57:01.380409+0800 INFO 已经等待908s
2020-12-30T01:57:02.385360+0800 INFO 已经等待909s
2020-12-30T01:57:03.386107+0800 INFO 已经等待910s
2020-12-30T01:57:04.391760+0800 INFO 已经等待911s
2020-12-30T01:57:05.397496+0800 INFO 已经等待912s
2020-12-30T01:57:06.404382+0800 INFO 已经等待913s
2020-12-30T01:57:07.409493+0800 INFO 已经等待914s
2020-12-30T01:57:08.414513+0800 INFO 已经等待915s
2020-12-30T01:57:09.415643+0800 INFO 已经等待916s
2020-12-30T01:57:10.419636+0800 INFO 已经等待917s
2020-12-30T01:57:11.424159+0800 INFO 已经等待918s
2020-12-30T01:57:12.427750+0800 INFO 已经等待919s
2020-12-30T01:57:13.431794+0800 INFO 已经等待920s
2020-12-30T01:57:14.433015+0800 INFO 已经等待921s
2020-12-30T01:57:15.438628+0800 INFO 已经等待922s
2020-12-30T01:57:16.442796+0800 INFO 已经等待923s
2020-12-30T01:57:17.447061+0800 INFO 已经等待924s
2020-12-30T01:57:18.447993+0800 INFO 已经等待925s
2020-12-30T01:57:19.452720+0800 INFO 已经等待926s
2020-12-30T01:57:20.458153+0800 INFO 已经等待927s
2020-12-30T01:57:21.463710+0800 INFO 已经等待928s
2020-12-30T01:57:22.468905+0800 INFO 已经等待929s
2020-12-30T01:57:23.470131+0800 INFO 已经等待930s
2020-12-30T01:57:24.471233+0800 INFO 已经等待931s
2020-12-30T01:57:25.472325+0800 INFO 已经等待932s
2020-12-30T01:57:26.476253+0800 INFO 已经等待933s
2020-12-30T01:57:27.479623+0800 INFO 已经等待934s
2020-12-30T01:57:28.481374+0800 INFO 已经等待935s
2020-12-30T01:57:29.484506+0800 INFO 已经等待936s
2020-12-30T01:57:30.486349+0800 INFO 已经等待937s
2020-12-30T01:57:31.488332+0800 INFO 已经等待938s
2020-12-30T01:57:32.493837+0800 INFO 已经等待939s
2020-12-30T01:57:33.495751+0800 INFO 已经等待940s
2020-12-30T01:57:34.500447+0800 INFO 已经等待941s
2020-12-30T01:57:35.502460+0800 INFO 已经等待942s
2020-12-30T01:57:36.504616+0800 INFO 已经等待943s
2020-12-30T01:57:37.510536+0800 INFO 已经等待944s
2020-12-30T01:57:38.516214+0800 INFO 已经等待945s
2020-12-30T01:57:39.518108+0800 INFO 已经等待946s
2020-12-30T01:57:40.521720+0800 INFO 已经等待947s
2020-12-30T01:57:41.527093+0800 INFO 已经等待948s
2020-12-30T01:57:42.532678+0800 INFO 已经等待949s
2020-12-30T01:57:43.535798+0800 INFO 已经等待950s
2020-12-30T01:57:44.540265+0800 INFO 已经等待951s
2020-12-30T01:57:45.542717+0800 INFO 已经等待952s
2020-12-30T01:57:46.544083+0800 INFO 已经等待953s
2020-12-30T01:57:47.544808+0800 INFO 已经等待954s
2020-12-30T01:57:48.546721+0800 INFO 已经等待955s
2020-12-30T01:57:49.551676+0800 INFO 已经等待956s
2020-12-30T01:57:50.554873+0800 INFO 已经等待957s
2020-12-30T01:57:51.558214+0800 INFO 已经等待958s
2020-12-30T01:57:52.561330+0800 INFO 已经等待959s
2020-12-30T01:57:53.567020+0800 INFO 已经等待960s
2020-12-30T01:57:54.572132+0800 INFO 已经等待961s
2020-12-30T01:57:55.576716+0800 INFO 已经等待962s
2020-12-30T01:57:56.578114+0800 INFO 已经等待963s
2020-12-30T01:57:57.583227+0800 INFO 已经等待964s
2020-12-30T01:57:58.588936+0800 INFO 已经等待965s
2020-12-30T01:57:59.594802+0800 INFO 已经等待966s
2020-12-30T01:58:00.598585+0800 INFO 已经等待967s
2020-12-30T01:58:01.599186+0800 INFO 已经等待968s
2020-12-30T01:58:02.600231+0800 INFO 已经等待969s
2020-12-30T01:58:03.605191+0800 INFO 已经等待970s
2020-12-30T01:58:04.610200+0800 INFO 已经等待971s
2020-12-30T01:58:05.614483+0800 INFO 已经等待972s
2020-12-30T01:58:06.615785+0800 INFO 已经等待973s
2020-12-30T01:58:07.617808+0800 INFO 已经等待974s
2020-12-30T01:58:08.620480+0800 INFO 已经等待975s
2020-12-30T01:58:09.623799+0800 INFO 已经等待976s
2020-12-30T01:58:10.626760+0800 INFO 已经等待977s
2020-12-30T01:58:11.628184+0800 INFO 已经等待978s
2020-12-30T01:58:12.633281+0800 INFO 已经等待979s
2020-12-30T01:58:13.637662+0800 INFO 已经等待980s
2020-12-30T01:58:14.641393+0800 INFO 已经等待981s
2020-12-30T01:58:15.643173+0800 INFO 已经等待982s
2020-12-30T01:58:16.644141+0800 INFO 已经等待983s
2020-12-30T01:58:17.654078+0800 INFO 已经等待984s
2020-12-30T01:58:18.662194+0800 INFO 已经等待985s
2020-12-30T01:58:19.666112+0800 INFO 已经等待986s
2020-12-30T01:58:20.673734+0800 INFO 已经等待987s
2020-12-30T01:58:21.676589+0800 INFO 已经等待988s
2020-12-30T01:58:22.682602+0800 INFO 已经等待989s
2020-12-30T01:58:23.688353+0800 INFO 已经等待990s
2020-12-30T01:58:24.694107+0800 INFO 已经等待991s
2020-12-30T01:58:25.699856+0800 INFO 已经等待992s
2020-12-30T01:58:26.705615+0800 INFO 已经等待993s
2020-12-30T01:58:27.711323+0800 INFO 已经等待994s
2020-12-30T01:58:28.716487+0800 INFO 已经等待995s
2020-12-30T01:58:29.717916+0800 INFO 已经等待996s
2020-12-30T01:58:30.718780+0800 INFO 已经等待997s
2020-12-30T01:58:31.724462+0800 INFO 已经等待998s
2020-12-30T01:58:32.730184+0800 INFO 已经等待999s
2020-12-30T01:58:33.735932+0800 INFO 已经等待1000s
2020-12-30T01:58:34.741680+0800 INFO 已经等待1001s
2020-12-30T01:58:35.743130+0800 INFO 已经等待1002s
2020-12-30T01:58:36.748880+0800 INFO 已经等待1003s
2020-12-30T01:58:37.750666+0800 INFO 已经等待1004s
2020-12-30T01:58:38.751423+0800 INFO 已经等待1005s
2020-12-30T01:58:39.756837+0800 INFO 已经等待1006s
2020-12-30T01:58:40.760915+0800 INFO 已经等待1007s
2020-12-30T01:58:41.762512+0800 INFO 已经等待1008s
2020-12-30T01:58:42.766245+0800 INFO 已经等待1009s
2020-12-30T01:58:43.768231+0800 INFO 已经等待1010s
2020-12-30T01:58:44.771002+0800 INFO 已经等待1011s
2020-12-30T01:58:45.776699+0800 INFO 已经等待1012s
2020-12-30T01:58:46.777324+0800 INFO 已经等待1013s
2020-12-30T01:58:47.782973+0800 INFO 已经等待1014s
2020-12-30T01:58:48.788591+0800 INFO 已经等待1015s
2020-12-30T01:58:49.794062+0800 INFO 已经等待1016s
2020-12-30T01:58:50.799812+0800 INFO 已经等待1017s
2020-12-30T01:58:51.802373+0800 INFO 已经等待1018s
2020-12-30T01:58:52.807871+0800 INFO 已经等待1019s
2020-12-30T01:58:53.813618+0800 INFO 已经等待1020s
